<?xml version="1.0" encoding="UTF-8"?>
<testsuite xmlns:xsi="http://www.w3.org/2001/XMLSchema-instance" xsi:noNamespaceSchemaLocation="https://maven.apache.org/surefire/maven-surefire-plugin/xsd/surefire-test-report-3.0.xsd" version="3.0" name="cucumber.Options.TestRunner" time="7.1" tests="2" errors="0" skipped="0" failures="0">
  <properties>
[...]
</properties>
  <testcase name="Verify new places is being added successfully using addPlaceAPI" classname="Validating Place API&apos;s" time="4.552"/>
  <testcase name="Verify new place is deleted successfully using deletePlaceAPI" classname="Validating Place API&apos;s" time="1.652"/>
</testsuite>